[out#0/mpegts @ 0x8f82000] video:9979KiB audio:1599KiB subtitle:0KiB other streams:0KiB global headers:0KiB muxing overhead: 4.763941%
frame= 1024 fps= 30 q=31.0 Lsize=   12129KiB time=00:00:34.06 bitrate=2916.8kbits/s speed=0.998x 

2024-12-10 05:00:33 RTT: 121.261ms RTTVar: 2.51ms CWND: 44 SSTHRESH: 44
2024-12-10 05:00:33 RTT: 107.559ms RTTVar: 5.046ms CWND: 71 SSTHRESH: 56587
2024-12-10 05:00:33 RTT: 121.261ms RTTVar: 2.51ms CWND: 44 SSTHRESH: 44
2024-12-10 05:00:33 RTT: 104.23ms RTTVar: 4.646ms CWND: 71 SSTHRESH: 56587
2024-12-10 05:00:33 RTT: 121.261ms RTTVar: 2.51ms CWND: 44 SSTHRESH: 44
2024-12-10 05:00:33 RTT: 102.549ms RTTVar: 3.124ms CWND: 71 SSTHRESH: 56587
2024-12-10 05:00:33 RTT: 121.261ms RTTVar: 2.51ms CWND: 44 SSTHRESH: 44
2024-12-10 05:00:33 RTT: 101.309ms RTTVar: 1.03ms CWND: 71 SSTHRESH: 56587
2024-12-10 05:00:33 RTT: 121.261ms RTTVar: 2.51ms CWND: 44 SSTHRESH: 44
2024-12-10 05:00:33 RTT: 101.154ms RTTVar: 0.511ms CWND: 71 SSTHRESH: 56587
2024-12-10 05:00:33 RTT: 121.261ms RTTVar: 2.51ms CWND: 44 SSTHRESH: 44
2024-12-10 05:00:33 RTT: 101.08ms RTTVar: 0.307ms CWND: 71 SSTHRESH: 56587
2024-12-10 05:00:33 RTT: 121.261ms RTTVar: 2.51ms CWND: 44 SSTHRESH: 44
2024-12-10 05:00:33 RTT: 100.907ms RTTVar: 0.228ms CWND: 71 SSTHRESH: 56587
2024-12-10 05:00:34 RTT: 121.261ms RTTVar: 2.51ms CWND: 44 SSTHRESH: 44
2024-12-10 05:00:34 RTT: 100.951ms RTTVar: 0.494ms CWND: 71 SSTHRESH: 56587
2024-12-10 05:00:34 RTT: 121.261ms RTTVar: 2.51ms CWND: 44 SSTHRESH: 44
2024-12-10 05:00:34 RTT: 100.854ms RTTVar: 0.439ms CWND: 71 SSTHRESH: 56587
2024-12-10 05:00:34 RTT: 121.261ms RTTVar: 2.51ms CWND: 44 SSTHRESH: 44
2024-12-10 05:00:34 RTT: 100.755ms RTTVar: 0.3ms CWND: 71 SSTHRESH: 56587
2024-12-10 05:00:34 RTT: 121.261ms RTTVar: 2.51ms CWND: 44 SSTHRESH: 44
2024-12-10 05:00:34 RTT: 106.207ms RTTVar: 10.852ms CWND: 71 SSTHRESH: 56587
2024-12-10 05:00:34 RTT: 121.261ms RTTVar: 2.51ms CWND: 44 SSTHRESH: 44
2024-12-10 05:00:34 RTT: 107.142ms RTTVar: 10.728ms CWND: 71 SSTHRESH: 56587
2024-12-10 05:00:34 RTT: 121.261ms RTTVar: 2.51ms CWND: 44 SSTHRESH: 44
2024-12-10 05:00:34 RTT: 112.279ms RTTVar: 19.242ms CWND: 71 SSTHRESH: 56587
2024-12-10 05:00:34 RTT: 121.261ms RTTVar: 2.51ms CWND: 44 SSTHRESH: 44
2024-12-10 05:00:34 RTT: 115.35ms RTTVar: 16.391ms CWND: 71 SSTHRESH: 56587
2024-12-10 05:00:34 RTT: 121.261ms RTTVar: 2.51ms CWND: 44 SSTHRESH: 44
2024-12-10 05:00:34 RTT: 113.285ms RTTVar: 14.684ms CWND: 71 SSTHRESH: 56587
2024-12-10 05:00:35 RTT: 121.261ms RTTVar: 2.51ms CWND: 44 SSTHRESH: 44
2024-12-10 05:00:35 RTT: 117.099ms RTTVar: 22.303ms CWND: 71 SSTHRESH: 56587
2024-12-10 05:00:35 RTT: 121.261ms RTTVar: 2.51ms CWND: 44 SSTHRESH: 44
2024-12-10 05:00:35 RTT: 116.349ms RTTVar: 14.997ms CWND: 71 SSTHRESH: 56587
2024-12-10 05:00:35 RTT: 121.261ms RTTVar: 2.51ms CWND: 44 SSTHRESH: 44
2024-12-10 05:00:35 RTT: 118.673ms RTTVar: 16.155ms CWND: 71 SSTHRESH: 56587
2024-12-10 05:00:35 RTT: 121.261ms RTTVar: 2.51ms CWND: 44 SSTHRESH: 44
2024-12-10 05:00:35 RTT: 117.889ms RTTVar: 14.865ms CWND: 71 SSTHRESH: 56587
2024-12-10 05:00:35 RTT: 121.261ms RTTVar: 2.51ms CWND: 44 SSTHRESH: 44
2024-12-10 05:00:35 RTT: 118.895ms RTTVar: 17.607ms CWND: 71 SSTHRESH: 56587
2024-12-10 05:00:35 RTT: 121.261ms RTTVar: 2.51ms CWND: 44 SSTHRESH: 44
2024-12-10 05:00:35 RTT: 119.624ms RTTVar: 18.854ms CWND: 71 SSTHRESH: 56587
2024-12-10 05:00:35 RTT: 121.261ms RTTVar: 2.51ms CWND: 44 SSTHRESH: 44
2024-12-10 05:00:35 RTT: 121.081ms RTTVar: 18.065ms CWND: 71 SSTHRESH: 56587
2024-12-10 05:00:35 RTT: 121.261ms RTTVar: 2.51ms CWND: 44 SSTHRESH: 44
2024-12-10 05:00:35 RTT: 120.894ms RTTVar: 18.235ms CWND: 71 SSTHRESH: 56587
2024-12-10 05:00:36 RTT: 121.261ms RTTVar: 2.51ms CWND: 44 SSTHRESH: 44
2024-12-10 05:00:36 RTT: 120.667ms RTTVar: 20.884ms CWND: 71 SSTHRESH: 56587
2024-12-10 05:00:36 RTT: 121.261ms RTTVar: 2.51ms CWND: 44 SSTHRESH: 44
2024-12-10 05:00:36 RTT: 118.806ms RTTVar: 18.429ms CWND: 71 SSTHRESH: 56587
2024-12-10 05:00:36 RTT: 121.261ms RTTVar: 2.51ms CWND: 44 SSTHRESH: 44
2024-12-10 05:00:36 RTT: 115.834ms RTTVar: 15.175ms CWND: 71 SSTHRESH: 56587
2024-12-10 05:00:36 RTT: 121.261ms RTTVar: 2.51ms CWND: 44 SSTHRESH: 44
2024-12-10 05:00:36 RTT: 114.17ms RTTVar: 12.378ms CWND: 71 SSTHRESH: 56587
2024-12-10 05:00:36 RTT: 121.261ms RTTVar: 2.51ms CWND: 44 SSTHRESH: 44
2024-12-10 05:00:36 RTT: 115.628ms RTTVar: 16.598ms CWND: 71 SSTHRESH: 56587
2024-12-10 05:00:36 RTT: 121.261ms RTTVar: 2.51ms CWND: 44 SSTHRESH: 44
2024-12-10 05:00:36 RTT: 112.819ms RTTVar: 14.112ms CWND: 71 SSTHRESH: 56587
2024-12-10 05:00:36 RTT: 121.261ms RTTVar: 2.51ms CWND: 44 SSTHRESH: 44
2024-12-10 05:00:36 RTT: 113.032ms RTTVar: 14.443ms CWND: 71 SSTHRESH: 56587
2024-12-10 05:00:36 RTT: 121.261ms RTTVar: 2.51ms CWND: 44 SSTHRESH: 44
2024-12-10 05:00:36 RTT: 120.822ms RTTVar: 21.831ms CWND: 71 SSTHRESH: 56587
2024-12-10 05:00:37 RTT: 121.261ms RTTVar: 2.51ms CWND: 44 SSTHRESH: 44
2024-12-10 05:00:37 RTT: 119.939ms RTTVar: 17.79ms CWND: 71 SSTHRESH: 56587
2024-12-10 05:00:37 RTT: 121.261ms RTTVar: 2.51ms CWND: 44 SSTHRESH: 44
2024-12-10 05:00:37 RTT: 116.938ms RTTVar: 20.062ms CWND: 71 SSTHRESH: 56587
2024-12-10 05:00:37 RTT: 121.261ms RTTVar: 2.51ms CWND: 44 SSTHRESH: 44
2024-12-10 05:00:37 RTT: 120.069ms RTTVar: 25.664ms CWND: 71 SSTHRESH: 56587
2024-12-10 05:00:37 RTT: 121.261ms RTTVar: 2.51ms CWND: 44 SSTHRESH: 44
2024-12-10 05:00:37 RTT: 117.817ms RTTVar: 19.294ms CWND: 71 SSTHRESH: 56587
2024-12-10 05:00:37 RTT: 121.261ms RTTVar: 2.51ms CWND: 44 SSTHRESH: 44
2024-12-10 05:00:37 RTT: 119.082ms RTTVar: 20.766ms CWND: 71 SSTHRESH: 56587
2024-12-10 05:00:37 RTT: 121.261ms RTTVar: 2.51ms CWND: 44 SSTHRESH: 44
2024-12-10 05:00:37 RTT: 115.566ms RTTVar: 17.142ms CWND: 71 SSTHRESH: 56587
2024-12-10 05:00:37 RTT: 121.261ms RTTVar: 2.51ms CWND: 44 SSTHRESH: 44
2024-12-10 05:00:37 RTT: 115.395ms RTTVar: 16.695ms CWND: 71 SSTHRESH: 56587
2024-12-10 05:00:37 RTT: 121.261ms RTTVar: 2.51ms CWND: 44 SSTHRESH: 44
2024-12-10 05:00:37 RTT: 115.966ms RTTVar: 20.66ms CWND: 71 SSTHRESH: 56587
2024-12-10 05:00:38 RTT: 121.261ms RTTVar: 2.51ms CWND: 44 SSTHRESH: 44
2024-12-10 05:00:38 RTT: 114.925ms RTTVar: 17.379ms CWND: 71 SSTHRESH: 56587
2024-12-10 05:00:38 RTT: 121.261ms RTTVar: 2.51ms CWND: 44 SSTHRESH: 44
2024-12-10 05:00:38 RTT: 116.727ms RTTVar: 20.482ms CWND: 71 SSTHRESH: 56587
2024-12-10 05:00:38 RTT: 121.261ms RTTVar: 2.51ms CWND: 44 SSTHRESH: 44
2024-12-10 05:00:38 RTT: 117.502ms RTTVar: 21.061ms CWND: 71 SSTHRESH: 56587
2024-12-10 05:00:38 RTT: 121.261ms RTTVar: 2.51ms CWND: 44 SSTHRESH: 44
2024-12-10 05:00:38 RTT: 115.032ms RTTVar: 14.269ms CWND: 71 SSTHRESH: 56587
2024-12-10 05:00:38 RTT: 121.261ms RTTVar: 2.51ms CWND: 44 SSTHRESH: 44
2024-12-10 05:00:38 RTT: 115.045ms RTTVar: 16.952ms CWND: 71 SSTHRESH: 56587
2024-12-10 05:00:38 RTT: 121.261ms RTTVar: 2.51ms CWND: 44 SSTHRESH: 44
2024-12-10 05:00:38 RTT: 116.659ms RTTVar: 19.793ms CWND: 71 SSTHRESH: 56587
2024-12-10 05:00:38 RTT: 121.261ms RTTVar: 2.51ms CWND: 44 SSTHRESH: 44
2024-12-10 05:00:38 RTT: 115.784ms RTTVar: 17.292ms CWND: 71 SSTHRESH: 56587
2024-12-10 05:00:38 RTT: 121.261ms RTTVar: 2.51ms CWND: 44 SSTHRESH: 44
2024-12-10 05:00:38 RTT: 115.078ms RTTVar: 15.746ms CWND: 71 SSTHRESH: 56587
2024-12-10 05:00:38 RTT: 121.261ms RTTVar: 2.51ms CWND: 44 SSTHRESH: 44
2024-12-10 05:00:38 RTT: 118.471ms RTTVar: 17.485ms CWND: 71 SSTHRESH: 56587
2024-12-10 05:00:39 RTT: 121.261ms RTTVar: 2.51ms CWND: 44 SSTHRESH: 44
2024-12-10 05:00:39 RTT: 117.332ms RTTVar: 15.246ms CWND: 71 SSTHRESH: 56587
2024-12-10 05:00:39 RTT: 121.261ms RTTVar: 2.51ms CWND: 44 SSTHRESH: 44
2024-12-10 05:00:39 RTT: 117.431ms RTTVar: 17.416ms CWND: 71 SSTHRESH: 56587
2024-12-10 05:00:39 RTT: 121.261ms RTTVar: 2.51ms CWND: 44 SSTHRESH: 44
2024-12-10 05:00:39 RTT: 118.539ms RTTVar: 20.392ms CWND: 71 SSTHRESH: 56587
2024-12-10 05:00:39 RTT: 121.261ms RTTVar: 2.51ms CWND: 44 SSTHRESH: 44
2024-12-10 05:00:39 RTT: 121.614ms RTTVar: 21.444ms CWND: 71 SSTHRESH: 56587
2024-12-10 05:00:39 RTT: 121.261ms RTTVar: 2.51ms CWND: 44 SSTHRESH: 44
2024-12-10 05:00:39 RTT: 122.516ms RTTVar: 16.702ms CWND: 71 SSTHRESH: 56587
2024-12-10 05:00:39 RTT: 121.261ms RTTVar: 2.51ms CWND: 44 SSTHRESH: 44
2024-12-10 05:00:39 RTT: 119.354ms RTTVar: 13.987ms CWND: 71 SSTHRESH: 56587
2024-12-10 05:00:39 RTT: 121.261ms RTTVar: 2.51ms CWND: 44 SSTHRESH: 44
2024-12-10 05:00:39 RTT: 120.165ms RTTVar: 13.522ms CWND: 71 SSTHRESH: 56587
2024-12-10 05:00:39 RTT: 121.261ms RTTVar: 2.51ms CWND: 44 SSTHRESH: 44
2024-12-10 05:00:39 RTT: 115.185ms RTTVar: 14.4ms CWND: 71 SSTHRESH: 56587
2024-12-10 05:00:40 RTT: 121.261ms RTTVar: 2.51ms CWND: 44 SSTHRESH: 44
2024-12-10 05:00:40 RTT: 117.237ms RTTVar: 19.495ms CWND: 71 SSTHRESH: 56587
2024-12-10 05:00:40 RTT: 121.261ms RTTVar: 2.51ms CWND: 44 SSTHRESH: 44
2024-12-10 05:00:40 RTT: 117.653ms RTTVar: 20.005ms CWND: 71 SSTHRESH: 56587
2024-12-10 05:00:40 RTT: 121.261ms RTTVar: 2.51ms CWND: 44 SSTHRESH: 44
2024-12-10 05:00:40 RTT: 114.153ms RTTVar: 15.585ms CWND: 71 SSTHRESH: 56587
2024-12-10 05:00:40 RTT: 121.261ms RTTVar: 2.51ms CWND: 44 SSTHRESH: 44
2024-12-10 05:00:40 RTT: 115.229ms RTTVar: 19.358ms CWND: 71 SSTHRESH: 56587
2024-12-10 05:00:40 RTT: 121.261ms RTTVar: 2.51ms CWND: 44 SSTHRESH: 44
2024-12-10 05:00:40 RTT: 114.012ms RTTVar: 15.755ms CWND: 71 SSTHRESH: 56587
2024-12-10 05:00:40 RTT: 121.261ms RTTVar: 2.51ms CWND: 44 SSTHRESH: 44
2024-12-10 05:00:40 RTT: 114.571ms RTTVar: 16.728ms CWND: 71 SSTHRESH: 56587
2024-12-10 05:00:40 RTT: 121.261ms RTTVar: 2.51ms CWND: 44 SSTHRESH: 44
2024-12-10 05:00:40 RTT: 116.487ms RTTVar: 17.824ms CWND: 71 SSTHRESH: 56587
2024-12-10 05:00:40 RTT: 121.261ms RTTVar: 2.51ms CWND: 44 SSTHRESH: 44
2024-12-10 05:00:40 RTT: 113.075ms RTTVar: 13.884ms CWND: 71 SSTHRESH: 56587
2024-12-10 05:00:41 RTT: 121.261ms RTTVar: 2.51ms CWND: 44 SSTHRESH: 44
2024-12-10 05:00:41 RTT: 115.674ms RTTVar: 19.319ms CWND: 71 SSTHRESH: 56587
2024-12-10 05:00:41 RTT: 121.261ms RTTVar: 2.51ms CWND: 44 SSTHRESH: 44
2024-12-10 05:00:41 RTT: 115.822ms RTTVar: 18.681ms CWND: 71 SSTHRESH: 56587
2024-12-10 05:00:41 RTT: 121.261ms RTTVar: 2.51ms CWND: 44 SSTHRESH: 44
2024-12-10 05:00:41 RTT: 117.995ms RTTVar: 18.356ms CWND: 71 SSTHRESH: 56587
2024-12-10 05:00:41 RTT: 121.261ms RTTVar: 2.51ms CWND: 44 SSTHRESH: 44
2024-12-10 05:00:41 RTT: 122.154ms RTTVar: 22.547ms CWND: 71 SSTHRESH: 56587
2024-12-10 05:00:41 RTT: 121.261ms RTTVar: 2.51ms CWND: 44 SSTHRESH: 44
2024-12-10 05:00:41 RTT: 118.965ms RTTVar: 20.099ms CWND: 71 SSTHRESH: 56587
2024-12-10 05:00:41 RTT: 121.261ms RTTVar: 2.51ms CWND: 44 SSTHRESH: 44
2024-12-10 05:00:41 RTT: 122.122ms RTTVar: 18.018ms CWND: 71 SSTHRESH: 56587
2024-12-10 05:00:41 RTT: 121.261ms RTTVar: 2.51ms CWND: 44 SSTHRESH: 44
2024-12-10 05:00:41 RTT: 121.553ms RTTVar: 17.826ms CWND: 71 SSTHRESH: 56587
2024-12-10 05:00:41 RTT: 121.261ms RTTVar: 2.51ms CWND: 44 SSTHRESH: 44
2024-12-10 05:00:41 RTT: 118.096ms RTTVar: 13.811ms CWND: 71 SSTHRESH: 56587
2024-12-10 05:00:42 RTT: 121.261ms RTTVar: 2.51ms CWND: 44 SSTHRESH: 44
2024-12-10 05:00:42 RTT: 118.674ms RTTVar: 16.497ms CWND: 71 SSTHRESH: 56587
2024-12-10 05:00:42 RTT: 121.261ms RTTVar: 2.51ms CWND: 44 SSTHRESH: 44
2024-12-10 05:00:42 RTT: 121.29ms RTTVar: 17.605ms CWND: 71 SSTHRESH: 56587
2024-12-10 05:00:42 RTT: 121.261ms RTTVar: 2.51ms CWND: 44 SSTHRESH: 44
2024-12-10 05:00:42 RTT: 123.474ms RTTVar: 17.573ms CWND: 71 SSTHRESH: 56587
2024-12-10 05:00:42 RTT: 121.261ms RTTVar: 2.51ms CWND: 44 SSTHRESH: 44
2024-12-10 05:00:42 RTT: 123.617ms RTTVar: 21.722ms CWND: 71 SSTHRESH: 56587
2024-12-10 05:00:42 RTT: 121.261ms RTTVar: 2.51ms CWND: 44 SSTHRESH: 44
2024-12-10 05:00:42 RTT: 128.661ms RTTVar: 21.616ms CWND: 71 SSTHRESH: 56587
2024-12-10 05:00:42 RTT: 121.261ms RTTVar: 2.51ms CWND: 44 SSTHRESH: 44
2024-12-10 05:00:42 RTT: 127.142ms RTTVar: 26.891ms CWND: 71 SSTHRESH: 56587
2024-12-10 05:00:42 RTT: 121.261ms RTTVar: 2.51ms CWND: 44 SSTHRESH: 44
2024-12-10 05:00:42 RTT: 122.472ms RTTVar: 18.221ms CWND: 71 SSTHRESH: 56587
2024-12-10 05:00:42 RTT: 121.261ms RTTVar: 2.51ms CWND: 44 SSTHRESH: 44
2024-12-10 05:00:42 RTT: 125.026ms RTTVar: 18.775ms CWND: 71 SSTHRESH: 56587
2024-12-10 05:00:42 RTT: 121.261ms RTTVar: 2.51ms CWND: 44 SSTHRESH: 44
2024-12-10 05:00:42 RTT: 125.309ms RTTVar: 19.803ms CWND: 71 SSTHRESH: 56587
2024-12-10 05:00:43 RTT: 121.261ms RTTVar: 2.51ms CWND: 44 SSTHRESH: 44
2024-12-10 05:00:43 RTT: 121.396ms RTTVar: 13.009ms CWND: 71 SSTHRESH: 56587
2024-12-10 05:00:43 RTT: 121.261ms RTTVar: 2.51ms CWND: 44 SSTHRESH: 44
2024-12-10 05:00:43 RTT: 120ms RTTVar: 17.835ms CWND: 71 SSTHRESH: 56587
2024-12-10 05:00:43 RTT: 121.261ms RTTVar: 2.51ms CWND: 44 SSTHRESH: 44
2024-12-10 05:00:43 RTT: 122.711ms RTTVar: 18.797ms CWND: 71 SSTHRESH: 56587
2024-12-10 05:00:43 RTT: 121.261ms RTTVar: 2.51ms CWND: 44 SSTHRESH: 44
2024-12-10 05:00:43 RTT: 119.065ms RTTVar: 12.631ms CWND: 71 SSTHRESH: 56587
2024-12-10 05:00:43 RTT: 121.261ms RTTVar: 2.51ms CWND: 44 SSTHRESH: 44
2024-12-10 05:00:43 RTT: 118.847ms RTTVar: 11.739ms CWND: 71 SSTHRESH: 56587
2024-12-10 05:00:43 RTT: 121.261ms RTTVar: 2.51ms CWND: 44 SSTHRESH: 44
2024-12-10 05:00:43 RTT: 115.933ms RTTVar: 12.17ms CWND: 71 SSTHRESH: 56587
2024-12-10 05:00:43 RTT: 121.261ms RTTVar: 2.51ms CWND: 44 SSTHRESH: 44
2024-12-10 05:00:43 RTT: 117.207ms RTTVar: 16.465ms CWND: 71 SSTHRESH: 56587
2024-12-10 05:00:43 RTT: 121.261ms RTTVar: 2.51ms CWND: 44 SSTHRESH: 44
2024-12-10 05:00:43 RTT: 115.461ms RTTVar: 13.113ms CWND: 71 SSTHRESH: 56587
2024-12-10 05:00:44 RTT: 121.261ms RTTVar: 2.51ms CWND: 44 SSTHRESH: 44
2024-12-10 05:00:44 RTT: 115.106ms RTTVar: 13.316ms CWND: 71 SSTHRESH: 56587
2024-12-10 05:00:44 RTT: 121.261ms RTTVar: 2.51ms CWND: 44 SSTHRESH: 44
2024-12-10 05:00:44 RTT: 120.028ms RTTVar: 19.155ms CWND: 71 SSTHRESH: 56587
2024-12-10 05:00:44 RTT: 121.261ms RTTVar: 2.51ms CWND: 44 SSTHRESH: 44
2024-12-10 05:00:44 RTT: 115.555ms RTTVar: 18.504ms CWND: 71 SSTHRESH: 56587
2024-12-10 05:00:44 RTT: 121.261ms RTTVar: 2.51ms CWND: 44 SSTHRESH: 44
2024-12-10 05:00:44 RTT: 118.1ms RTTVar: 19.933ms CWND: 71 SSTHRESH: 56587
2024-12-10 05:00:44 RTT: 121.261ms RTTVar: 2.51ms CWND: 44 SSTHRESH: 44
2024-12-10 05:00:44 RTT: 119.346ms RTTVar: 22.079ms CWND: 71 SSTHRESH: 56587
2024-12-10 05:00:44 RTT: 121.261ms RTTVar: 2.51ms CWND: 44 SSTHRESH: 44
2024-12-10 05:00:44 RTT: 117.586ms RTTVar: 18.031ms CWND: 71 SSTHRESH: 56587
2024-12-10 05:00:44 RTT: 121.261ms RTTVar: 2.51ms CWND: 44 SSTHRESH: 44
2024-12-10 05:00:44 RTT: 119.2ms RTTVar: 15.608ms CWND: 71 SSTHRESH: 56587
2024-12-10 05:00:44 RTT: 121.261ms RTTVar: 2.51ms CWND: 44 SSTHRESH: 44
2024-12-10 05:00:44 RTT: 120.091ms RTTVar: 19.085ms CWND: 71 SSTHRESH: 56587
2024-12-10 05:00:45 RTT: 121.261ms RTTVar: 2.51ms CWND: 44 SSTHRESH: 44
2024-12-10 05:00:45 RTT: 119.179ms RTTVar: 13.647ms CWND: 71 SSTHRESH: 56587
2024-12-10 05:00:45 RTT: 121.261ms RTTVar: 2.51ms CWND: 44 SSTHRESH: 44
2024-12-10 05:00:45 RTT: 113.006ms RTTVar: 13.898ms CWND: 71 SSTHRESH: 56587
2024-12-10 05:00:45 RTT: 121.261ms RTTVar: 2.51ms CWND: 44 SSTHRESH: 44
2024-12-10 05:00:45 RTT: 112.686ms RTTVar: 13.352ms CWND: 71 SSTHRESH: 56587
2024-12-10 05:00:45 RTT: 121.261ms RTTVar: 2.51ms CWND: 44 SSTHRESH: 44
2024-12-10 05:00:45 RTT: 112.174ms RTTVar: 12.318ms CWND: 71 SSTHRESH: 56587
2024-12-10 05:00:45 RTT: 121.261ms RTTVar: 2.51ms CWND: 44 SSTHRESH: 44
2024-12-10 05:00:45 RTT: 117.166ms RTTVar: 17.052ms CWND: 71 SSTHRESH: 56587
2024-12-10 05:00:45 RTT: 121.261ms RTTVar: 2.51ms CWND: 44 SSTHRESH: 44
2024-12-10 05:00:45 RTT: 118.194ms RTTVar: 11.436ms CWND: 71 SSTHRESH: 56587
2024-12-10 05:00:45 RTT: 121.261ms RTTVar: 2.51ms CWND: 44 SSTHRESH: 44
2024-12-10 05:00:45 RTT: 117.45ms RTTVar: 16.539ms CWND: 71 SSTHRESH: 56587
2024-12-10 05:00:45 RTT: 121.261ms RTTVar: 2.51ms CWND: 44 SSTHRESH: 44
2024-12-10 05:00:45 RTT: 119.307ms RTTVar: 21.558ms CWND: 71 SSTHRESH: 56587
2024-12-10 05:00:46 RTT: 121.261ms RTTVar: 2.51ms CWND: 44 SSTHRESH: 44
2024-12-10 05:00:46 RTT: 121.053ms RTTVar: 16.659ms CWND: 71 SSTHRESH: 56587
2024-12-10 05:00:46 RTT: 121.261ms RTTVar: 2.51ms CWND: 44 SSTHRESH: 44
2024-12-10 05:00:46 RTT: 126.609ms RTTVar: 23.606ms CWND: 71 SSTHRESH: 56587
2024-12-10 05:00:46 RTT: 121.261ms RTTVar: 2.51ms CWND: 44 SSTHRESH: 44
2024-12-10 05:00:46 RTT: 126.142ms RTTVar: 18.825ms CWND: 71 SSTHRESH: 56587
2024-12-10 05:00:46 RTT: 121.261ms RTTVar: 2.51ms CWND: 44 SSTHRESH: 44
2024-12-10 05:00:46 RTT: 121.476ms RTTVar: 17.64ms CWND: 71 SSTHRESH: 56587
2024-12-10 05:00:46 RTT: 121.261ms RTTVar: 2.51ms CWND: 44 SSTHRESH: 44
2024-12-10 05:00:46 RTT: 121.82ms RTTVar: 20.044ms CWND: 71 SSTHRESH: 56587
2024-12-10 05:00:46 RTT: 121.261ms RTTVar: 2.51ms CWND: 44 SSTHRESH: 44
2024-12-10 05:00:46 RTT: 119.398ms RTTVar: 15.867ms CWND: 71 SSTHRESH: 56587
2024-12-10 05:00:46 RTT: 121.261ms RTTVar: 2.51ms CWND: 44 SSTHRESH: 44
2024-12-10 05:00:46 RTT: 119.688ms RTTVar: 17.937ms CWND: 71 SSTHRESH: 56587
2024-12-10 05:00:46 RTT: 121.261ms RTTVar: 2.51ms CWND: 44 SSTHRESH: 44
2024-12-10 05:00:46 RTT: 120.881ms RTTVar: 15.839ms CWND: 71 SSTHRESH: 56587
2024-12-10 05:00:46 RTT: 121.261ms RTTVar: 2.51ms CWND: 44 SSTHRESH: 44
2024-12-10 05:00:46 RTT: 116.904ms RTTVar: 15.401ms CWND: 71 SSTHRESH: 56587
2024-12-10 05:00:47 RTT: 121.261ms RTTVar: 2.51ms CWND: 44 SSTHRESH: 44
2024-12-10 05:00:47 RTT: 120.354ms RTTVar: 19.683ms CWND: 71 SSTHRESH: 56587
2024-12-10 05:00:47 RTT: 121.261ms RTTVar: 2.51ms CWND: 44 SSTHRESH: 44
2024-12-10 05:00:47 RTT: 117.441ms RTTVar: 15.717ms CWND: 71 SSTHRESH: 56587
2024-12-10 05:00:47 RTT: 121.261ms RTTVar: 2.51ms CWND: 44 SSTHRESH: 44
2024-12-10 05:00:47 RTT: 122.249ms RTTVar: 16.781ms CWND: 71 SSTHRESH: 56587
2024-12-10 05:00:47 RTT: 121.261ms RTTVar: 2.51ms CWND: 44 SSTHRESH: 44
2024-12-10 05:00:47 RTT: 119.535ms RTTVar: 16.935ms CWND: 71 SSTHRESH: 56587
2024-12-10 05:00:47 RTT: 121.261ms RTTVar: 2.51ms CWND: 44 SSTHRESH: 44
2024-12-10 05:00:47 RTT: 117.088ms RTTVar: 11.246ms CWND: 71 SSTHRESH: 56587
2024-12-10 05:00:47 RTT: 121.261ms RTTVar: 2.51ms CWND: 44 SSTHRESH: 44
2024-12-10 05:00:47 RTT: 118.166ms RTTVar: 15.084ms CWND: 71 SSTHRESH: 56587
2024-12-10 05:00:47 RTT: 121.261ms RTTVar: 2.51ms CWND: 44 SSTHRESH: 44
2024-12-10 05:00:47 RTT: 116.197ms RTTVar: 11.93ms CWND: 71 SSTHRESH: 56587
2024-12-10 05:00:47 RTT: 121.261ms RTTVar: 2.51ms CWND: 44 SSTHRESH: 44
2024-12-10 05:00:47 RTT: 113.892ms RTTVar: 12.613ms CWND: 71 SSTHRESH: 56587
2024-12-10 05:00:48 RTT: 121.261ms RTTVar: 2.51ms CWND: 44 SSTHRESH: 44
2024-12-10 05:00:48 RTT: 122.338ms RTTVar: 26.064ms CWND: 71 SSTHRESH: 56587
2024-12-10 05:00:48 RTT: 121.261ms RTTVar: 2.51ms CWND: 44 SSTHRESH: 44
2024-12-10 05:00:48 RTT: 118.723ms RTTVar: 16.909ms CWND: 71 SSTHRESH: 56587
2024-12-10 05:00:48 RTT: 121.261ms RTTVar: 2.51ms CWND: 44 SSTHRESH: 44
2024-12-10 05:00:48 RTT: 124.576ms RTTVar: 19.506ms CWND: 71 SSTHRESH: 56587
2024-12-10 05:00:48 RTT: 121.261ms RTTVar: 2.51ms CWND: 44 SSTHRESH: 44
2024-12-10 05:00:48 RTT: 118.46ms RTTVar: 14.085ms CWND: 71 SSTHRESH: 56587
2024-12-10 05:00:48 RTT: 121.261ms RTTVar: 2.51ms CWND: 44 SSTHRESH: 44
2024-12-10 05:00:48 RTT: 119.244ms RTTVar: 17.517ms CWND: 71 SSTHRESH: 56587
2024-12-10 05:00:48 RTT: 121.261ms RTTVar: 2.51ms CWND: 44 SSTHRESH: 44
2024-12-10 05:00:48 RTT: 118.192ms RTTVar: 21.372ms CWND: 71 SSTHRESH: 56587
2024-12-10 05:00:48 RTT: 121.261ms RTTVar: 2.51ms CWND: 44 SSTHRESH: 44
2024-12-10 05:00:48 RTT: 120.451ms RTTVar: 20.737ms CWND: 71 SSTHRESH: 56587
2024-12-10 05:00:48 RTT: 121.261ms RTTVar: 2.51ms CWND: 44 SSTHRESH: 44
2024-12-10 05:00:48 RTT: 123.044ms RTTVar: 25.415ms CWND: 71 SSTHRESH: 56587
2024-12-10 05:00:49 RTT: 121.261ms RTTVar: 2.51ms CWND: 44 SSTHRESH: 44
2024-12-10 05:00:49 RTT: 124.31ms RTTVar: 17.951ms CWND: 71 SSTHRESH: 56587
2024-12-10 05:00:49 RTT: 121.261ms RTTVar: 2.51ms CWND: 44 SSTHRESH: 44
2024-12-10 05:00:49 RTT: 121.349ms RTTVar: 15.466ms CWND: 71 SSTHRESH: 56587
2024-12-10 05:00:49 RTT: 121.261ms RTTVar: 2.51ms CWND: 44 SSTHRESH: 44
2024-12-10 05:00:49 RTT: 117.724ms RTTVar: 14.573ms CWND: 71 SSTHRESH: 56587
2024-12-10 05:00:49 RTT: 121.261ms RTTVar: 2.51ms CWND: 44 SSTHRESH: 44
2024-12-10 05:00:49 RTT: 116.607ms RTTVar: 18.426ms CWND: 71 SSTHRESH: 56587
2024-12-10 05:00:49 RTT: 121.261ms RTTVar: 2.51ms CWND: 44 SSTHRESH: 44
2024-12-10 05:00:49 RTT: 117.92ms RTTVar: 20.97ms CWND: 71 SSTHRESH: 56587
2024-12-10 05:00:49 RTT: 121.261ms RTTVar: 2.51ms CWND: 44 SSTHRESH: 44
2024-12-10 05:00:49 RTT: 120.827ms RTTVar: 20.978ms CWND: 71 SSTHRESH: 56587
2024-12-10 05:00:49 RTT: 121.261ms RTTVar: 2.51ms CWND: 44 SSTHRESH: 44
2024-12-10 05:00:49 RTT: 118.92ms RTTVar: 22.571ms CWND: 71 SSTHRESH: 56587
2024-12-10 05:00:50 RTT: 121.261ms RTTVar: 2.51ms CWND: 44 SSTHRESH: 44
2024-12-10 05:00:50 RTT: 118.571ms RTTVar: 21.314ms CWND: 71 SSTHRESH: 56587
2024-12-10 05:00:50 RTT: 121.261ms RTTVar: 2.51ms CWND: 44 SSTHRESH: 44
2024-12-10 05:00:50 RTT: 118.811ms RTTVar: 14.931ms CWND: 71 SSTHRESH: 56587
2024-12-10 05:00:50 RTT: 121.261ms RTTVar: 2.51ms CWND: 44 SSTHRESH: 44
2024-12-10 05:00:50 RTT: 118.916ms RTTVar: 21.552ms CWND: 71 SSTHRESH: 56587
2024-12-10 05:00:50 RTT: 121.261ms RTTVar: 2.51ms CWND: 44 SSTHRESH: 44
2024-12-10 05:00:50 RTT: 119.307ms RTTVar: 21.974ms CWND: 71 SSTHRESH: 56587
2024-12-10 05:00:50 RTT: 121.261ms RTTVar: 2.51ms CWND: 44 SSTHRESH: 44
2024-12-10 05:00:50 RTT: 123.873ms RTTVar: 25.915ms CWND: 71 SSTHRESH: 56587
2024-12-10 05:00:50 RTT: 121.261ms RTTVar: 2.51ms CWND: 44 SSTHRESH: 44
2024-12-10 05:00:50 RTT: 119.19ms RTTVar: 17.926ms CWND: 71 SSTHRESH: 56587
2024-12-10 05:00:50 RTT: 121.261ms RTTVar: 2.51ms CWND: 44 SSTHRESH: 44
2024-12-10 05:00:50 RTT: 119.011ms RTTVar: 18.572ms CWND: 71 SSTHRESH: 56587
2024-12-10 05:00:50 RTT: 121.261ms RTTVar: 2.51ms CWND: 44 SSTHRESH: 44
2024-12-10 05:00:50 RTT: 115.905ms RTTVar: 15.787ms CWND: 71 SSTHRESH: 56587
2024-12-10 05:00:51 RTT: 121.261ms RTTVar: 2.51ms CWND: 44 SSTHRESH: 44
2024-12-10 05:00:51 RTT: 118.66ms RTTVar: 17.351ms CWND: 71 SSTHRESH: 56587
2024-12-10 05:00:51 RTT: 121.261ms RTTVar: 2.51ms CWND: 44 SSTHRESH: 44
2024-12-10 05:00:51 RTT: 119.117ms RTTVar: 17.731ms CWND: 71 SSTHRESH: 56587
2024-12-10 05:00:51 RTT: 121.261ms RTTVar: 2.51ms CWND: 44 SSTHRESH: 44
2024-12-10 05:00:51 RTT: 117.27ms RTTVar: 14.623ms CWND: 71 SSTHRESH: 56587
2024-12-10 05:00:51 RTT: 121.261ms RTTVar: 2.51ms CWND: 44 SSTHRESH: 44
2024-12-10 05:00:51 RTT: 118.13ms RTTVar: 17.747ms CWND: 71 SSTHRESH: 56587
2024-12-10 05:00:51 RTT: 121.261ms RTTVar: 2.51ms CWND: 44 SSTHRESH: 44
2024-12-10 05:00:51 RTT: 120.163ms RTTVar: 19.118ms CWND: 71 SSTHRESH: 56587
2024-12-10 05:00:51 RTT: 121.261ms RTTVar: 2.51ms CWND: 44 SSTHRESH: 44
2024-12-10 05:00:51 RTT: 122.016ms RTTVar: 18.044ms CWND: 71 SSTHRESH: 56587
2024-12-10 05:00:51 RTT: 121.261ms RTTVar: 2.51ms CWND: 44 SSTHRESH: 44
2024-12-10 05:00:51 RTT: 126.077ms RTTVar: 22.784ms CWND: 71 SSTHRESH: 56587
2024-12-10 05:00:51 RTT: 121.261ms RTTVar: 2.51ms CWND: 44 SSTHRESH: 44
2024-12-10 05:00:51 RTT: 124.193ms RTTVar: 23.235ms CWND: 71 SSTHRESH: 56587
2024-12-10 05:00:52 RTT: 121.261ms RTTVar: 2.51ms CWND: 44 SSTHRESH: 44
2024-12-10 05:00:52 RTT: 124.195ms RTTVar: 23.957ms CWND: 71 SSTHRESH: 56587
2024-12-10 05:00:52 RTT: 121.261ms RTTVar: 2.51ms CWND: 44 SSTHRESH: 44
2024-12-10 05:00:52 RTT: 129.041ms RTTVar: 27.659ms CWND: 71 SSTHRESH: 56587
2024-12-10 05:00:52 RTT: 121.261ms RTTVar: 2.51ms CWND: 44 SSTHRESH: 44
2024-12-10 05:00:52 RTT: 123.255ms RTTVar: 21.829ms CWND: 71 SSTHRESH: 56587
2024-12-10 05:00:52 RTT: 121.261ms RTTVar: 2.51ms CWND: 44 SSTHRESH: 44
2024-12-10 05:00:52 RTT: 122.816ms RTTVar: 22.048ms CWND: 71 SSTHRESH: 56587
2024-12-10 05:00:52 RTT: 121.261ms RTTVar: 2.51ms CWND: 44 SSTHRESH: 44
2024-12-10 05:00:52 RTT: 120.345ms RTTVar: 17.411ms CWND: 71 SSTHRESH: 56587
2024-12-10 05:00:52 RTT: 121.261ms RTTVar: 2.51ms CWND: 44 SSTHRESH: 44
2024-12-10 05:00:52 RTT: 121.435ms RTTVar: 15.24ms CWND: 71 SSTHRESH: 56587
2024-12-10 05:00:52 RTT: 121.261ms RTTVar: 2.51ms CWND: 44 SSTHRESH: 44
2024-12-10 05:00:52 RTT: 125.157ms RTTVar: 18.469ms CWND: 71 SSTHRESH: 56587
2024-12-10 05:00:52 RTT: 121.261ms RTTVar: 2.51ms CWND: 44 SSTHRESH: 44
2024-12-10 05:00:52 RTT: 127.48ms RTTVar: 18.937ms CWND: 71 SSTHRESH: 56587
2024-12-10 05:00:53 RTT: 121.261ms RTTVar: 2.51ms CWND: 44 SSTHRESH: 44
2024-12-10 05:00:53 RTT: 133.211ms RTTVar: 28.039ms CWND: 71 SSTHRESH: 56587
2024-12-10 05:00:53 RTT: 121.261ms RTTVar: 2.51ms CWND: 44 SSTHRESH: 44
2024-12-10 05:00:53 RTT: 124.52ms RTTVar: 23.804ms CWND: 71 SSTHRESH: 56587
2024-12-10 05:00:53 RTT: 121.261ms RTTVar: 2.51ms CWND: 44 SSTHRESH: 44
2024-12-10 05:00:53 RTT: 124.255ms RTTVar: 24.233ms CWND: 71 SSTHRESH: 56587
2024-12-10 05:00:53 RTT: 121.261ms RTTVar: 2.51ms CWND: 44 SSTHRESH: 44
2024-12-10 05:00:53 RTT: 127.864ms RTTVar: 25.392ms CWND: 71 SSTHRESH: 56587
2024-12-10 05:00:53 RTT: 121.261ms RTTVar: 2.51ms CWND: 44 SSTHRESH: 44
2024-12-10 05:00:53 RTT: 129.141ms RTTVar: 21.598ms CWND: 71 SSTHRESH: 56587
2024-12-10 05:00:53 RTT: 121.261ms RTTVar: 2.51ms CWND: 44 SSTHRESH: 44
2024-12-10 05:00:53 RTT: 123.899ms RTTVar: 20.157ms CWND: 71 SSTHRESH: 56587
2024-12-10 05:00:53 RTT: 121.261ms RTTVar: 2.51ms CWND: 44 SSTHRESH: 44
2024-12-10 05:00:53 RTT: 128.669ms RTTVar: 26.234ms CWND: 71 SSTHRESH: 56587
2024-12-10 05:00:53 RTT: 121.261ms RTTVar: 2.51ms CWND: 44 SSTHRESH: 44
2024-12-10 05:00:53 RTT: 122.157ms RTTVar: 25.76ms CWND: 71 SSTHRESH: 56587
2024-12-10 05:00:53 RTT: 121.261ms RTTVar: 2.51ms CWND: 44 SSTHRESH: 44
2024-12-10 05:00:53 RTT: 115.15ms RTTVar: 21.373ms CWND: 71 SSTHRESH: 56587
2024-12-10 05:00:54 RTT: 121.261ms RTTVar: 2.51ms CWND: 44 SSTHRESH: 44
2024-12-10 05:00:54 RTT: 117.721ms RTTVar: 21.172ms CWND: 71 SSTHRESH: 56587
2024-12-10 05:00:54 RTT: 121.261ms RTTVar: 2.51ms CWND: 44 SSTHRESH: 44
2024-12-10 05:00:54 RTT: 116.905ms RTTVar: 18.931ms CWND: 71 SSTHRESH: 56587
2024-12-10 05:00:54 RTT: 121.261ms RTTVar: 2.51ms CWND: 44 SSTHRESH: 44
2024-12-10 05:00:54 RTT: 116.769ms RTTVar: 17.791ms CWND: 71 SSTHRESH: 56587
2024-12-10 05:00:54 RTT: 121.261ms RTTVar: 2.51ms CWND: 44 SSTHRESH: 44
2024-12-10 05:00:54 RTT: 114.756ms RTTVar: 17.369ms CWND: 71 SSTHRESH: 56587
2024-12-10 05:00:54 RTT: 121.261ms RTTVar: 2.51ms CWND: 44 SSTHRESH: 44
2024-12-10 05:00:54 RTT: 116.842ms RTTVar: 20.983ms CWND: 71 SSTHRESH: 56587
2024-12-10 05:00:54 RTT: 121.261ms RTTVar: 2.51ms CWND: 44 SSTHRESH: 44
2024-12-10 05:00:54 RTT: 128.214ms RTTVar: 31.761ms CWND: 71 SSTHRESH: 56587
2024-12-10 05:00:54 RTT: 121.261ms RTTVar: 2.51ms CWND: 44 SSTHRESH: 44
2024-12-10 05:00:54 RTT: 125.306ms RTTVar: 23.949ms CWND: 71 SSTHRESH: 56587
2024-12-10 05:00:54 RTT: 121.261ms RTTVar: 2.51ms CWND: 44 SSTHRESH: 44
2024-12-10 05:00:54 RTT: 128.743ms RTTVar: 24.836ms CWND: 71 SSTHRESH: 56587
2024-12-10 05:00:55 RTT: 121.261ms RTTVar: 2.51ms CWND: 44 SSTHRESH: 44
2024-12-10 05:00:55 RTT: 126.303ms RTTVar: 19.479ms CWND: 71 SSTHRESH: 56587
2024-12-10 05:00:55 RTT: 121.261ms RTTVar: 2.51ms CWND: 44 SSTHRESH: 44
2024-12-10 05:00:55 RTT: 121.777ms RTTVar: 17.687ms CWND: 71 SSTHRESH: 56587
2024-12-10 05:00:55 RTT: 121.261ms RTTVar: 2.51ms CWND: 44 SSTHRESH: 44
2024-12-10 05:00:55 RTT: 122.275ms RTTVar: 20.471ms CWND: 71 SSTHRESH: 56587
2024-12-10 05:00:55 RTT: 121.261ms RTTVar: 2.51ms CWND: 44 SSTHRESH: 44
2024-12-10 05:00:55 RTT: 119.276ms RTTVar: 16.178ms CWND: 71 SSTHRESH: 56587
2024-12-10 05:00:55 RTT: 121.261ms RTTVar: 2.51ms CWND: 44 SSTHRESH: 44
2024-12-10 05:00:55 RTT: 122.985ms RTTVar: 19.708ms CWND: 71 SSTHRESH: 56587
2024-12-10 05:00:55 RTT: 121.261ms RTTVar: 2.51ms CWND: 44 SSTHRESH: 44
2024-12-10 05:00:55 RTT: 122.56ms RTTVar: 15.63ms CWND: 71 SSTHRESH: 56587
2024-12-10 05:00:55 RTT: 121.261ms RTTVar: 2.51ms CWND: 44 SSTHRESH: 44
2024-12-10 05:00:55 RTT: 122.343ms RTTVar: 17.706ms CWND: 71 SSTHRESH: 56587
2024-12-10 05:00:55 RTT: 121.261ms RTTVar: 2.51ms CWND: 44 SSTHRESH: 44
2024-12-10 05:00:55 RTT: 121.907ms RTTVar: 14.663ms CWND: 71 SSTHRESH: 56587
2024-12-10 05:00:55 RTT: 121.261ms RTTVar: 2.51ms CWND: 44 SSTHRESH: 44
2024-12-10 05:00:55 RTT: 117.153ms RTTVar: 14.929ms CWND: 71 SSTHRESH: 56587
2024-12-10 05:00:56 RTT: 121.261ms RTTVar: 2.51ms CWND: 44 SSTHRESH: 44
2024-12-10 05:00:56 RTT: 119.646ms RTTVar: 16.182ms CWND: 71 SSTHRESH: 56587
2024-12-10 05:00:56 RTT: 121.261ms RTTVar: 2.51ms CWND: 44 SSTHRESH: 44
2024-12-10 05:00:56 RTT: 121.191ms RTTVar: 16.844ms CWND: 71 SSTHRESH: 56587
2024-12-10 05:00:56 RTT: 121.261ms RTTVar: 2.51ms CWND: 44 SSTHRESH: 44
2024-12-10 05:00:56 RTT: 116.314ms RTTVar: 17.007ms CWND: 71 SSTHRESH: 56587
2024-12-10 05:00:56 RTT: 121.261ms RTTVar: 2.51ms CWND: 44 SSTHRESH: 44
2024-12-10 05:00:56 RTT: 121.288ms RTTVar: 18.649ms CWND: 71 SSTHRESH: 56587
2024-12-10 05:00:56 RTT: 121.261ms RTTVar: 2.51ms CWND: 44 SSTHRESH: 44
2024-12-10 05:00:56 RTT: 121.463ms RTTVar: 20.448ms CWND: 71 SSTHRESH: 56587
2024-12-10 05:00:56 RTT: 121.261ms RTTVar: 2.51ms CWND: 44 SSTHRESH: 44
2024-12-10 05:00:56 RTT: 120.544ms RTTVar: 19.218ms CWND: 71 SSTHRESH: 56587
2024-12-10 05:00:56 RTT: 121.261ms RTTVar: 2.51ms CWND: 44 SSTHRESH: 44
2024-12-10 05:00:56 RTT: 123.554ms RTTVar: 20.434ms CWND: 71 SSTHRESH: 56587
2024-12-10 05:00:56 RTT: 121.261ms RTTVar: 2.51ms CWND: 44 SSTHRESH: 44
2024-12-10 05:00:56 RTT: 124.631ms RTTVar: 22.624ms CWND: 71 SSTHRESH: 56587
2024-12-10 05:00:57 RTT: 121.261ms RTTVar: 2.51ms CWND: 44 SSTHRESH: 44
2024-12-10 05:00:57 RTT: 121.341ms RTTVar: 17.895ms CWND: 71 SSTHRESH: 56587
2024-12-10 05:00:57 RTT: 121.261ms RTTVar: 2.51ms CWND: 44 SSTHRESH: 44
2024-12-10 05:00:57 RTT: 124.287ms RTTVar: 20.368ms CWND: 71 SSTHRESH: 56587
2024-12-10 05:00:57 RTT: 121.261ms RTTVar: 2.51ms CWND: 44 SSTHRESH: 44
2024-12-10 05:00:57 RTT: 118.665ms RTTVar: 15.7ms CWND: 71 SSTHRESH: 56587
2024-12-10 05:00:57 RTT: 121.261ms RTTVar: 2.51ms CWND: 44 SSTHRESH: 44
2024-12-10 05:00:57 RTT: 119.377ms RTTVar: 18.488ms CWND: 71 SSTHRESH: 56587
2024-12-10 05:00:57 RTT: 121.261ms RTTVar: 2.51ms CWND: 44 SSTHRESH: 44
2024-12-10 05:00:57 RTT: 115.759ms RTTVar: 14.853ms CWND: 71 SSTHRESH: 56587
2024-12-10 05:00:57 RTT: 121.261ms RTTVar: 2.51ms CWND: 44 SSTHRESH: 44
2024-12-10 05:00:57 RTT: 114.72ms RTTVar: 13.198ms CWND: 71 SSTHRESH: 56587
2024-12-10 05:00:57 RTT: 121.261ms RTTVar: 2.51ms CWND: 44 SSTHRESH: 44
2024-12-10 05:00:57 RTT: 116.671ms RTTVar: 16.633ms CWND: 71 SSTHRESH: 56587
2024-12-10 05:00:57 RTT: 121.261ms RTTVar: 2.51ms CWND: 44 SSTHRESH: 44
2024-12-10 05:00:57 RTT: 117.766ms RTTVar: 15.752ms CWND: 71 SSTHRESH: 56587
2024-12-10 05:00:58 RTT: 121.261ms RTTVar: 2.51ms CWND: 44 SSTHRESH: 44
2024-12-10 05:00:58 RTT: 114.955ms RTTVar: 12.06ms CWND: 71 SSTHRESH: 56587
2024-12-10 05:00:58 RTT: 121.261ms RTTVar: 2.51ms CWND: 44 SSTHRESH: 44
2024-12-10 05:00:58 RTT: 112.925ms RTTVar: 9.494ms CWND: 71 SSTHRESH: 56587
2024-12-10 05:00:58 RTT: 121.261ms RTTVar: 2.51ms CWND: 44 SSTHRESH: 44
2024-12-10 05:00:58 RTT: 113.344ms RTTVar: 14.652ms CWND: 71 SSTHRESH: 56587
2024-12-10 05:00:58 RTT: 121.261ms RTTVar: 2.51ms CWND: 44 SSTHRESH: 44
2024-12-10 05:00:58 RTT: 114.061ms RTTVar: 17.963ms CWND: 71 SSTHRESH: 56587
2024-12-10 05:00:58 RTT: 121.261ms RTTVar: 2.51ms CWND: 44 SSTHRESH: 44
2024-12-10 05:00:58 RTT: 120.145ms RTTVar: 25.641ms CWND: 71 SSTHRESH: 56587
2024-12-10 05:00:58 RTT: 121.261ms RTTVar: 2.51ms CWND: 44 SSTHRESH: 44
2024-12-10 05:00:58 RTT: 122.703ms RTTVar: 24.347ms CWND: 71 SSTHRESH: 56587
2024-12-10 05:00:58 RTT: 121.261ms RTTVar: 2.51ms CWND: 44 SSTHRESH: 44
2024-12-10 05:00:58 RTT: 119.505ms RTTVar: 22.74ms CWND: 71 SSTHRESH: 56587
2024-12-10 05:00:58 RTT: 121.261ms RTTVar: 2.51ms CWND: 44 SSTHRESH: 44
2024-12-10 05:00:58 RTT: 119.187ms RTTVar: 20.466ms CWND: 71 SSTHRESH: 56587
2024-12-10 05:00:58 RTT: 121.261ms RTTVar: 2.51ms CWND: 44 SSTHRESH: 44
2024-12-10 05:00:58 RTT: 119.493ms RTTVar: 21.134ms CWND: 71 SSTHRESH: 56587
2024-12-10 05:00:59 RTT: 121.261ms RTTVar: 2.51ms CWND: 44 SSTHRESH: 44
2024-12-10 05:00:59 RTT: 124.195ms RTTVar: 23.376ms CWND: 71 SSTHRESH: 56587
2024-12-10 05:00:59 RTT: 121.261ms RTTVar: 2.51ms CWND: 44 SSTHRESH: 44
2024-12-10 05:00:59 RTT: 121.216ms RTTVar: 17.974ms CWND: 71 SSTHRESH: 56587
2024-12-10 05:00:59 RTT: 121.261ms RTTVar: 2.51ms CWND: 44 SSTHRESH: 44
2024-12-10 05:00:59 RTT: 122.697ms RTTVar: 16.442ms CWND: 71 SSTHRESH: 56587
2024-12-10 05:00:59 RTT: 121.261ms RTTVar: 2.51ms CWND: 44 SSTHRESH: 44
2024-12-10 05:00:59 RTT: 122.797ms RTTVar: 18.702ms CWND: 71 SSTHRESH: 56587
2024-12-10 05:00:59 RTT: 121.261ms RTTVar: 2.51ms CWND: 44 SSTHRESH: 44
2024-12-10 05:00:59 RTT: 122.601ms RTTVar: 20.517ms CWND: 71 SSTHRESH: 56587
2024-12-10 05:00:59 RTT: 121.261ms RTTVar: 2.51ms CWND: 44 SSTHRESH: 44
2024-12-10 05:00:59 RTT: 121.959ms RTTVar: 20.299ms CWND: 71 SSTHRESH: 56587
2024-12-10 05:00:59 RTT: 121.261ms RTTVar: 2.51ms CWND: 44 SSTHRESH: 44
2024-12-10 05:00:59 RTT: 123.555ms RTTVar: 22.279ms CWND: 71 SSTHRESH: 56587
2024-12-10 05:00:59 RTT: 121.261ms RTTVar: 2.51ms CWND: 44 SSTHRESH: 44
2024-12-10 05:00:59 RTT: 122.385ms RTTVar: 20.661ms CWND: 71 SSTHRESH: 56587
2024-12-10 05:01:00 RTT: 121.261ms RTTVar: 2.51ms CWND: 44 SSTHRESH: 44
2024-12-10 05:01:00 RTT: 124.256ms RTTVar: 20.35ms CWND: 71 SSTHRESH: 56587
2024-12-10 05:01:00 RTT: 121.261ms RTTVar: 2.51ms CWND: 44 SSTHRESH: 44
2024-12-10 05:01:00 RTT: 121.824ms RTTVar: 20.127ms CWND: 71 SSTHRESH: 56587
2024-12-10 05:01:00 RTT: 121.261ms RTTVar: 2.51ms CWND: 44 SSTHRESH: 44
2024-12-10 05:01:00 RTT: 124.519ms RTTVar: 22.869ms CWND: 71 SSTHRESH: 56587
2024-12-10 05:01:00 RTT: 121.261ms RTTVar: 2.51ms CWND: 44 SSTHRESH: 44
2024-12-10 05:01:00 RTT: 122.692ms RTTVar: 17.881ms CWND: 71 SSTHRESH: 56587
2024-12-10 05:01:00 RTT: 121.261ms RTTVar: 2.51ms CWND: 44 SSTHRESH: 44
2024-12-10 05:01:00 RTT: 124.848ms RTTVar: 17.723ms CWND: 71 SSTHRESH: 56587
2024-12-10 05:01:00 RTT: 121.261ms RTTVar: 2.51ms CWND: 44 SSTHRESH: 44
2024-12-10 05:01:00 RTT: 125.204ms RTTVar: 13.725ms CWND: 71 SSTHRESH: 56587
2024-12-10 05:01:00 RTT: 121.261ms RTTVar: 2.51ms CWND: 44 SSTHRESH: 44
2024-12-10 05:01:00 RTT: 121.49ms RTTVar: 12.055ms CWND: 71 SSTHRESH: 56587
2024-12-10 05:01:00 RTT: 121.261ms RTTVar: 2.51ms CWND: 44 SSTHRESH: 44
2024-12-10 05:01:00 RTT: 122.57ms RTTVar: 11.201ms CWND: 71 SSTHRESH: 56587
2024-12-10 05:01:01 RTT: 121.261ms RTTVar: 2.51ms CWND: 44 SSTHRESH: 44
2024-12-10 05:01:01 RTT: 119.932ms RTTVar: 9.105ms CWND: 71 SSTHRESH: 56587
2024-12-10 05:01:01 RTT: 121.261ms RTTVar: 2.51ms CWND: 44 SSTHRESH: 44
2024-12-10 05:01:01 RTT: 120.759ms RTTVar: 11.798ms CWND: 71 SSTHRESH: 56587
2024-12-10 05:01:01 RTT: 121.261ms RTTVar: 2.51ms CWND: 44 SSTHRESH: 44
2024-12-10 05:01:01 RTT: 123.654ms RTTVar: 16.816ms CWND: 71 SSTHRESH: 56587
2024-12-10 05:01:01 RTT: 121.261ms RTTVar: 2.51ms CWND: 44 SSTHRESH: 44
2024-12-10 05:01:01 RTT: 118.335ms RTTVar: 13.136ms CWND: 71 SSTHRESH: 56587
2024-12-10 05:01:01 RTT: 121.261ms RTTVar: 2.51ms CWND: 44 SSTHRESH: 44
2024-12-10 05:01:01 RTT: 118.872ms RTTVar: 13.239ms CWND: 71 SSTHRESH: 56587
2024-12-10 05:01:01 RTT: 121.261ms RTTVar: 2.51ms CWND: 44 SSTHRESH: 44
2024-12-10 05:01:01 RTT: 118.793ms RTTVar: 15.118ms CWND: 71 SSTHRESH: 56587
2024-12-10 05:01:01 RTT: 121.261ms RTTVar: 2.51ms CWND: 44 SSTHRESH: 44
2024-12-10 05:01:01 RTT: 117.034ms RTTVar: 12.77ms CWND: 71 SSTHRESH: 56587
2024-12-10 05:01:01 RTT: 121.261ms RTTVar: 2.51ms CWND: 44 SSTHRESH: 44
2024-12-10 05:01:01 RTT: 116.627ms RTTVar: 13.524ms CWND: 71 SSTHRESH: 56587
2024-12-10 05:01:01 RTT: 121.261ms RTTVar: 2.51ms CWND: 44 SSTHRESH: 44
2024-12-10 05:01:01 RTT: 117.516ms RTTVar: 21.494ms CWND: 71 SSTHRESH: 56587
2024-12-10 05:01:02 RTT: 121.261ms RTTVar: 2.51ms CWND: 44 SSTHRESH: 44
2024-12-10 05:01:02 RTT: 118.982ms RTTVar: 23.308ms CWND: 71 SSTHRESH: 56587
2024-12-10 05:01:02 RTT: 121.261ms RTTVar: 2.51ms CWND: 44 SSTHRESH: 44
2024-12-10 05:01:02 RTT: 123.506ms RTTVar: 25.804ms CWND: 71 SSTHRESH: 56587
2024-12-10 05:01:02 RTT: 121.261ms RTTVar: 2.51ms CWND: 44 SSTHRESH: 44
2024-12-10 05:01:02 RTT: 119.079ms RTTVar: 21.958ms CWND: 71 SSTHRESH: 56587
2024-12-10 05:01:02 RTT: 121.261ms RTTVar: 2.51ms CWND: 44 SSTHRESH: 44
2024-12-10 05:01:02 RTT: 121.072ms RTTVar: 20.453ms CWND: 71 SSTHRESH: 56587
2024-12-10 05:01:02 RTT: 121.261ms RTTVar: 2.51ms CWND: 44 SSTHRESH: 44
2024-12-10 05:01:02 RTT: 122.243ms RTTVar: 22.663ms CWND: 71 SSTHRESH: 56587
2024-12-10 05:01:02 RTT: 121.261ms RTTVar: 2.51ms CWND: 44 SSTHRESH: 44
2024-12-10 05:01:02 RTT: 119.2ms RTTVar: 15.506ms CWND: 71 SSTHRESH: 56587
2024-12-10 05:01:02 RTT: 121.261ms RTTVar: 2.51ms CWND: 44 SSTHRESH: 44
2024-12-10 05:01:02 RTT: 118.766ms RTTVar: 20.459ms CWND: 71 SSTHRESH: 56587
2024-12-10 05:01:02 RTT: 121.261ms RTTVar: 2.51ms CWND: 44 SSTHRESH: 44
2024-12-10 05:01:02 RTT: 118.493ms RTTVar: 20.03ms CWND: 71 SSTHRESH: 56587
2024-12-10 05:01:03 RTT: 121.261ms RTTVar: 2.51ms CWND: 44 SSTHRESH: 44
2024-12-10 05:01:03 RTT: 120.854ms RTTVar: 21.013ms CWND: 71 SSTHRESH: 56587
2024-12-10 05:01:03 RTT: 121.261ms RTTVar: 2.51ms CWND: 44 SSTHRESH: 44
2024-12-10 05:01:03 RTT: 121.856ms RTTVar: 17.763ms CWND: 71 SSTHRESH: 56587
2024-12-10 05:01:03 RTT: 121.261ms RTTVar: 2.51ms CWND: 44 SSTHRESH: 44
2024-12-10 05:01:03 RTT: 119.415ms RTTVar: 14.159ms CWND: 71 SSTHRESH: 56587
2024-12-10 05:01:03 RTT: 121.261ms RTTVar: 2.51ms CWND: 44 SSTHRESH: 44
2024-12-10 05:01:03 RTT: 123.046ms RTTVar: 17.88ms CWND: 71 SSTHRESH: 56587
2024-12-10 05:01:03 RTT: 121.261ms RTTVar: 2.51ms CWND: 44 SSTHRESH: 44
2024-12-10 05:01:03 RTT: 121.513ms RTTVar: 18.756ms CWND: 71 SSTHRESH: 56587
2024-12-10 05:01:03 RTT: 121.261ms RTTVar: 2.51ms CWND: 44 SSTHRESH: 44
2024-12-10 05:01:03 RTT: 123.569ms RTTVar: 18.18ms CWND: 71 SSTHRESH: 56587
2024-12-10 05:01:03 RTT: 121.261ms RTTVar: 2.51ms CWND: 44 SSTHRESH: 44
2024-12-10 05:01:03 RTT: 125.186ms RTTVar: 19ms CWND: 71 SSTHRESH: 56587
2024-12-10 05:01:03 RTT: 121.261ms RTTVar: 2.51ms CWND: 44 SSTHRESH: 44
2024-12-10 05:01:03 RTT: 121.606ms RTTVar: 15.615ms CWND: 71 SSTHRESH: 56587
2024-12-10 05:01:04 RTT: 121.261ms RTTVar: 2.51ms CWND: 44 SSTHRESH: 44
2024-12-10 05:01:04 RTT: 124.615ms RTTVar: 17.729ms CWND: 71 SSTHRESH: 56587
2024-12-10 05:01:04 RTT: 121.261ms RTTVar: 2.51ms CWND: 44 SSTHRESH: 44
2024-12-10 05:01:04 RTT: 125.325ms RTTVar: 19.206ms CWND: 71 SSTHRESH: 56587
2024-12-10 05:01:04 RTT: 121.261ms RTTVar: 2.51ms CWND: 44 SSTHRESH: 44
2024-12-10 05:01:04 RTT: 119.045ms RTTVar: 12.417ms CWND: 71 SSTHRESH: 56587
2024-12-10 05:01:04 RTT: 121.261ms RTTVar: 2.51ms CWND: 44 SSTHRESH: 44
2024-12-10 05:01:04 RTT: 120.501ms RTTVar: 16.791ms CWND: 71 SSTHRESH: 56587
2024-12-10 05:01:04 RTT: 121.261ms RTTVar: 2.51ms CWND: 44 SSTHRESH: 44
2024-12-10 05:01:04 RTT: 118.574ms RTTVar: 13.529ms CWND: 71 SSTHRESH: 56587
2024-12-10 05:01:04 RTT: 121.261ms RTTVar: 2.51ms CWND: 44 SSTHRESH: 44
2024-12-10 05:01:04 RTT: 116.261ms RTTVar: 8.1ms CWND: 71 SSTHRESH: 56587
2024-12-10 05:01:04 RTT: 121.261ms RTTVar: 2.51ms CWND: 44 SSTHRESH: 44
2024-12-10 05:01:04 RTT: 114.459ms RTTVar: 8.873ms CWND: 71 SSTHRESH: 56587
2024-12-10 05:01:04 RTT: 121.261ms RTTVar: 2.51ms CWND: 44 SSTHRESH: 44
2024-12-10 05:01:04 RTT: 114.131ms RTTVar: 10.117ms CWND: 71 SSTHRESH: 56587
2024-12-10 05:01:05 RTT: 121.261ms RTTVar: 2.51ms CWND: 44 SSTHRESH: 44
2024-12-10 05:01:05 RTT: 117.238ms RTTVar: 14.295ms CWND: 71 SSTHRESH: 56587
2024-12-10 05:01:05 RTT: 121.261ms RTTVar: 2.51ms CWND: 44 SSTHRESH: 44
2024-12-10 05:01:05 RTT: 116.334ms RTTVar: 19.749ms CWND: 71 SSTHRESH: 56587
2024-12-10 05:01:05 RTT: 121.261ms RTTVar: 2.51ms CWND: 44 SSTHRESH: 44
2024-12-10 05:01:05 RTT: 118.09ms RTTVar: 15.042ms CWND: 71 SSTHRESH: 56587
2024-12-10 05:01:05 RTT: 121.261ms RTTVar: 2.51ms CWND: 44 SSTHRESH: 44
2024-12-10 05:01:05 RTT: 114.979ms RTTVar: 8.551ms CWND: 71 SSTHRESH: 56587
2024-12-10 05:01:05 RTT: 121.261ms RTTVar: 2.51ms CWND: 44 SSTHRESH: 44
2024-12-10 05:01:05 RTT: 117.576ms RTTVar: 5.638ms CWND: 71 SSTHRESH: 56587
