Connecting to host 172.31.24.14, port 8001
[  5] local 172.31.30.63 port 46966 connected to 172.31.24.14 port 8001
[ ID] Interval           Transfer     Bitrate         Retr  Cwnd
[  5]   0.00-1.00   sec  3.75 MBytes  31.4 Mbits/sec    0    594 KBytes       
[  5]   1.00-2.00   sec  7.88 MBytes  66.1 Mbits/sec    0    918 KBytes       
[  5]   2.00-3.00   sec  9.62 MBytes  80.7 Mbits/sec    0   1.36 MBytes       
[  5]   3.00-4.00   sec  14.2 MBytes   120 Mbits/sec    0   2.13 MBytes       
[  5]   4.00-5.00   sec  21.1 MBytes   177 Mbits/sec    0   3.14 MBytes       
[  5]   5.00-6.00   sec  26.1 MBytes   219 Mbits/sec    0   3.14 MBytes       
[  5]   6.00-7.00   sec  26.8 MBytes   224 Mbits/sec    0   3.14 MBytes       
[  5]   7.00-8.00   sec  25.6 MBytes   215 Mbits/sec    0   3.14 MBytes       
[  5]   8.00-9.00   sec  25.8 MBytes   216 Mbits/sec    0   3.14 MBytes       
[  5]   9.00-10.00  sec  24.8 MBytes   208 Mbits/sec    0   3.14 MBytes       
[  5]  10.00-11.00  sec  23.9 MBytes   200 Mbits/sec    0   3.14 MBytes       
[  5]  11.00-12.00  sec  25.9 MBytes   217 Mbits/sec    0   3.14 MBytes       
[  5]  12.00-13.00  sec  26.5 MBytes   222 Mbits/sec    0   3.14 MBytes       
[  5]  13.00-14.00  sec  26.0 MBytes   218 Mbits/sec    0   3.14 MBytes       
[  5]  14.00-15.00  sec  25.1 MBytes   211 Mbits/sec    0   3.14 MBytes       
[  5]  15.00-16.00  sec  27.1 MBytes   228 Mbits/sec    0   3.14 MBytes       
[  5]  16.00-17.00  sec  24.8 MBytes   208 Mbits/sec    0   3.14 MBytes       
[  5]  17.00-18.00  sec  24.9 MBytes   209 Mbits/sec    0   3.14 MBytes       
[  5]  18.00-19.00  sec  25.2 MBytes   212 Mbits/sec    0   3.14 MBytes       
[  5]  19.00-20.00  sec  25.2 MBytes   212 Mbits/sec    0   3.14 MBytes       
[  5]  20.00-21.00  sec  26.4 MBytes   221 Mbits/sec    0   3.14 MBytes       
[  5]  21.00-22.00  sec  26.9 MBytes   225 Mbits/sec    0   3.14 MBytes       
[  5]  22.00-23.00  sec  25.2 MBytes   212 Mbits/sec    0   3.14 MBytes       
[  5]  23.00-24.00  sec  25.2 MBytes   212 Mbits/sec    0   3.14 MBytes       
[  5]  24.00-25.00  sec  25.9 MBytes   217 Mbits/sec    0   3.14 MBytes       
[  5]  25.00-26.00  sec  24.8 MBytes   208 Mbits/sec    0   3.14 MBytes       
[  5]  26.00-27.00  sec  25.4 MBytes   213 Mbits/sec    0   3.14 MBytes       
[  5]  27.00-28.00  sec  25.8 MBytes   216 Mbits/sec    0   3.14 MBytes       
[  5]  28.00-29.00  sec  26.9 MBytes   226 Mbits/sec    0   3.14 MBytes       
[  5]  29.00-30.00  sec  24.0 MBytes   201 Mbits/sec    0   3.14 MBytes       
[  5]  30.00-31.00  sec  24.8 MBytes   208 Mbits/sec    0   3.14 MBytes       
[  5]  31.00-32.00  sec  25.9 MBytes   217 Mbits/sec    0   3.14 MBytes       
[  5]  32.00-33.00  sec  27.0 MBytes   227 Mbits/sec    0   3.14 MBytes       
[  5]  33.00-34.00  sec  25.2 MBytes   212 Mbits/sec    0   3.14 MBytes       
[  5]  34.00-35.00  sec  25.4 MBytes   213 Mbits/sec    0   3.14 MBytes       
[  5]  35.00-36.00  sec  25.9 MBytes   217 Mbits/sec    0   3.14 MBytes       
[  5]  36.00-37.00  sec  25.4 MBytes   213 Mbits/sec    0   3.14 MBytes       
[  5]  37.00-38.00  sec  27.1 MBytes   228 Mbits/sec    0   3.14 MBytes       
[  5]  38.00-39.00  sec  25.9 MBytes   217 Mbits/sec    0   3.14 MBytes       
[  5]  39.00-40.00  sec  24.9 MBytes   209 Mbits/sec    0   3.14 MBytes       
[  5]  40.00-41.00  sec  25.6 MBytes   215 Mbits/sec    0   3.14 MBytes       
[  5]  41.00-42.00  sec  24.8 MBytes   208 Mbits/sec    0   3.14 MBytes       
[  5]  42.00-43.00  sec  19.6 MBytes   165 Mbits/sec    0   3.14 MBytes       
- - - - - - - - - - - - - - - - - - - - - - - - -
[ ID] Interval           Transfer     Bitrate         Retr
[  5]   0.00-43.00  sec  1.00 GBytes   200 Mbits/sec    0             sender
[  5]   0.00-43.10  sec  1.00 GBytes   199 Mbits/sec                  receiver

iperf Done.
