Connecting to host 172.31.24.14, port 8001
[  5] local 172.31.30.63 port 41060 connected to 172.31.24.14 port 8001
[ ID] Interval           Transfer     Bitrate         Retr  Cwnd
[  5]   0.00-1.00   sec  3.12 MBytes  26.2 Mbits/sec    0    489 KBytes       
[  5]   1.00-2.00   sec  5.25 MBytes  44.0 Mbits/sec    2    481 KBytes       
[  5]   2.00-3.00   sec  4.12 MBytes  34.6 Mbits/sec    0    559 KBytes       
[  5]   3.00-4.00   sec  4.50 MBytes  37.8 Mbits/sec    0    594 KBytes       
[  5]   4.00-5.00   sec  5.12 MBytes  43.0 Mbits/sec    0    594 KBytes       
[  5]   5.00-6.00   sec  5.25 MBytes  44.1 Mbits/sec    0    594 KBytes       
[  5]   6.00-7.00   sec  6.12 MBytes  51.4 Mbits/sec    0    629 KBytes       
[  5]   7.00-8.00   sec  5.25 MBytes  44.0 Mbits/sec    0    673 KBytes       
[  5]   8.00-9.00   sec  6.88 MBytes  57.7 Mbits/sec    0    778 KBytes       
[  5]   9.00-10.00  sec  8.00 MBytes  67.1 Mbits/sec    0    970 KBytes       
[  5]  10.00-11.00  sec  9.25 MBytes  77.6 Mbits/sec    0   1.21 MBytes       
[  5]  11.00-12.00  sec  13.2 MBytes   111 Mbits/sec    0   1.64 MBytes       
[  5]  12.00-13.00  sec  15.9 MBytes   133 Mbits/sec    0   2.16 MBytes       
[  5]  13.00-14.00  sec  21.0 MBytes   176 Mbits/sec    0   2.86 MBytes       
[  5]  14.00-15.00  sec  24.8 MBytes   208 Mbits/sec    0   3.09 MBytes       
[  5]  15.00-16.00  sec  25.0 MBytes   210 Mbits/sec    0   3.09 MBytes       
[  5]  16.00-17.00  sec  25.4 MBytes   213 Mbits/sec    0   3.09 MBytes       
[  5]  17.00-18.00  sec  26.1 MBytes   219 Mbits/sec    0   3.09 MBytes       
[  5]  18.00-19.00  sec  24.5 MBytes   206 Mbits/sec    0   3.09 MBytes       
[  5]  19.00-20.00  sec  26.8 MBytes   224 Mbits/sec    0   3.09 MBytes       
[  5]  20.00-21.00  sec  25.8 MBytes   216 Mbits/sec    0   3.09 MBytes       
[  5]  21.00-22.00  sec  26.2 MBytes   220 Mbits/sec    0   3.09 MBytes       
[  5]  22.00-23.00  sec  23.2 MBytes   195 Mbits/sec    3   2.16 MBytes       
[  5]  23.00-24.00  sec  21.0 MBytes   176 Mbits/sec    0   2.48 MBytes       
[  5]  24.00-25.00  sec  21.1 MBytes   177 Mbits/sec    0   2.74 MBytes       
[  5]  25.00-26.00  sec  23.8 MBytes   199 Mbits/sec    0   2.93 MBytes       
[  5]  26.00-27.00  sec  26.2 MBytes   220 Mbits/sec    0   3.01 MBytes       
[  5]  27.00-28.00  sec  24.4 MBytes   204 Mbits/sec    0   3.04 MBytes       
[  5]  28.00-29.00  sec  26.9 MBytes   226 Mbits/sec    0   3.04 MBytes       
[  5]  29.00-30.00  sec  25.6 MBytes   215 Mbits/sec    0   3.04 MBytes       
[  5]  30.00-31.00  sec  19.8 MBytes   166 Mbits/sec    3   2.25 MBytes       
[  5]  31.00-32.00  sec  20.8 MBytes   174 Mbits/sec    0   2.42 MBytes       
[  5]  32.00-33.00  sec  21.4 MBytes   179 Mbits/sec    0   2.52 MBytes       
[  5]  33.00-34.00  sec  21.5 MBytes   180 Mbits/sec    0   2.57 MBytes       
[  5]  34.00-35.00  sec  23.0 MBytes   193 Mbits/sec    0   2.58 MBytes       
[  5]  35.00-36.00  sec  20.6 MBytes   173 Mbits/sec    0   2.58 MBytes       
[  5]  36.00-37.00  sec  23.1 MBytes   194 Mbits/sec    0   2.59 MBytes       
[  5]  37.00-38.00  sec  23.0 MBytes   193 Mbits/sec    0   2.63 MBytes       
[  5]  38.00-39.00  sec  23.2 MBytes   195 Mbits/sec    0   2.71 MBytes       
[  5]  39.00-40.00  sec  23.5 MBytes   197 Mbits/sec    0   2.87 MBytes       
[  5]  40.00-41.00  sec  21.5 MBytes   180 Mbits/sec    3   2.17 MBytes       
[  5]  41.00-42.00  sec  19.9 MBytes   167 Mbits/sec    0   2.54 MBytes       
[  5]  42.00-43.00  sec  22.1 MBytes   186 Mbits/sec    0   2.77 MBytes       
[  5]  43.00-44.00  sec  23.2 MBytes   195 Mbits/sec    0   2.91 MBytes       
[  5]  44.00-45.00  sec  26.0 MBytes   218 Mbits/sec    0   2.99 MBytes       
[  5]  45.00-46.00  sec  25.8 MBytes   216 Mbits/sec    0   3.02 MBytes       
[  5]  46.00-47.00  sec  25.9 MBytes   217 Mbits/sec    0   3.02 MBytes       
[  5]  47.00-48.00  sec  23.5 MBytes   197 Mbits/sec    0   3.02 MBytes       
[  5]  48.00-49.00  sec  23.0 MBytes   193 Mbits/sec    3   2.35 MBytes       
[  5]  49.00-50.00  sec  21.1 MBytes   177 Mbits/sec    0   2.65 MBytes       
[  5]  50.00-51.00  sec  23.5 MBytes   197 Mbits/sec    0   2.83 MBytes       
[  5]  51.00-52.00  sec  23.9 MBytes   200 Mbits/sec    0   2.94 MBytes       
[  5]  52.00-53.00  sec  15.0 MBytes   126 Mbits/sec    0   3.00 MBytes       
- - - - - - - - - - - - - - - - - - - - - - - - -
[ ID] Interval           Transfer     Bitrate         Retr
[  5]   0.00-53.00  sec  1.00 GBytes   162 Mbits/sec   14             sender
[  5]   0.00-53.10  sec  1.00 GBytes   162 Mbits/sec                  receiver

iperf Done.
